TN:
SF:/Users/dwosk/projects/ibm-aspera-connect-sdk/packages/browser/src/connect.ts
FN:120,Connect
FN:164,addStandardConnectSettings
FN:175,connectHttpRequest
FN:197,driveHttpRequest
FN:208,getAllTransfersHelper
FN:217,notifyTransferListeners
FN:226,pollTranfersHelperFunction
FN:234,(anonymous_7)
FN:238,(anonymous_8)
FN:244,removeEventListenerHelper
FN:255,isAppIdEntropyOk
FN:259,(anonymous_11)
FN:277,notifyStatusListeners
FN:283,setConnectStatus
FN:288,manageConnectStatus
FN:342,(anonymous_15)
FN:385,(anonymous_16)
FN:409,(anonymous_17)
FN:421,(anonymous_18)
FN:447,(anonymous_19)
FN:496,(anonymous_20)
FN:524,(anonymous_21)
FN:560,(anonymous_22)
FN:586,(anonymous_23)
FN:653,(anonymous_24)
FN:681,(anonymous_25)
FN:720,(anonymous_26)
FN:735,(anonymous_27)
FN:741,(anonymous_28)
FN:748,(anonymous_29)
FN:766,(anonymous_30)
FN:803,(anonymous_31)
FN:824,(anonymous_32)
FN:843,(anonymous_33)
FN:873,(anonymous_34)
FN:915,(anonymous_35)
FN:955,(anonymous_36)
FN:981,(anonymous_37)
FN:1001,(anonymous_38)
FN:1014,(anonymous_39)
FN:1062,(anonymous_40)
FN:1127,(anonymous_41)
FN:1157,(anonymous_42)
FN:1176,(anonymous_43)
FN:1199,(anonymous_44)
FNF:45
FNH:0
FNDA:0,Connect
FNDA:0,addStandardConnectSettings
FNDA:0,connectHttpRequest
FNDA:0,driveHttpRequest
FNDA:0,getAllTransfersHelper
FNDA:0,notifyTransferListeners
FNDA:0,pollTranfersHelperFunction
FNDA:0,(anonymous_7)
FNDA:0,(anonymous_8)
FNDA:0,removeEventListenerHelper
FNDA:0,isAppIdEntropyOk
FNDA:0,(anonymous_11)
FNDA:0,notifyStatusListeners
FNDA:0,setConnectStatus
FNDA:0,manageConnectStatus
FNDA:0,(anonymous_15)
FNDA:0,(anonymous_16)
FNDA:0,(anonymous_17)
FNDA:0,(anonymous_18)
FNDA:0,(anonymous_19)
FNDA:0,(anonymous_20)
FNDA:0,(anonymous_21)
FNDA:0,(anonymous_22)
FNDA:0,(anonymous_23)
FNDA:0,(anonymous_24)
FNDA:0,(anonymous_25)
FNDA:0,(anonymous_26)
FNDA:0,(anonymous_27)
FNDA:0,(anonymous_28)
FNDA:0,(anonymous_29)
FNDA:0,(anonymous_30)
FNDA:0,(anonymous_31)
FNDA:0,(anonymous_32)
FNDA:0,(anonymous_33)
FNDA:0,(anonymous_34)
FNDA:0,(anonymous_35)
FNDA:0,(anonymous_36)
FNDA:0,(anonymous_37)
FNDA:0,(anonymous_38)
FNDA:0,(anonymous_39)
FNDA:0,(anonymous_40)
FNDA:0,(anonymous_41)
FNDA:0,(anonymous_42)
FNDA:0,(anonymous_43)
FNDA:0,(anonymous_44)
DA:8,2
DA:9,2
DA:10,2
DA:11,2
DA:17,2
DA:120,2
DA:121,0
DA:122,0
DA:125,0
DA:126,0
DA:127,0
DA:128,0
DA:129,0
DA:130,0
DA:131,0
DA:132,0
DA:133,0
DA:134,0
DA:136,0
DA:137,0
DA:140,0
DA:142,0
DA:145,0
DA:146,0
DA:147,0
DA:148,0
DA:155,0
DA:156,0
DA:157,0
DA:158,0
DA:159,0
DA:160,0
DA:161,0
DA:162,0
DA:165,0
DA:166,0
DA:168,0
DA:169,0
DA:171,0
DA:172,0
DA:176,0
DA:177,0
DA:178,0
DA:181,0
DA:182,0
DA:184,0
DA:185,0
DA:186,0
DA:191,0
DA:193,0
DA:194,0
DA:198,0
DA:199,0
DA:202,0
DA:204,0
DA:205,0
DA:210,0
DA:211,0
DA:213,0
DA:214,0
DA:219,0
DA:221,0
DA:222,0
DA:228,0
DA:229,0
DA:230,0
DA:232,0
DA:233,0
DA:235,0
DA:236,0
DA:239,0
DA:245,0
DA:246,0
DA:247,0
DA:248,0
DA:249,0
DA:250,0
DA:252,0
DA:256,0
DA:257,0
DA:258,0
DA:259,0
DA:260,0
DA:261,0
DA:263,0
DA:266,0
DA:267,0
DA:268,0
DA:270,0
DA:278,0
DA:279,0
DA:284,0
DA:285,0
DA:290,0
DA:291,0
DA:293,0
DA:294,0
DA:295,0
DA:296,0
DA:297,0
DA:298,0
DA:299,0
DA:300,0
DA:301,0
DA:303,0
DA:304,0
DA:305,0
DA:308,0
DA:310,0
DA:313,0
DA:314,0
DA:315,0
DA:342,0
DA:344,0
DA:345,0
DA:346,0
DA:347,0
DA:350,0
DA:351,0
DA:352,0
DA:355,0
DA:357,0
DA:358,0
DA:360,0
DA:385,0
DA:386,0
DA:387,0
DA:389,0
DA:390,0
DA:409,0
DA:410,0
DA:411,0
DA:421,0
DA:422,0
DA:447,0
DA:448,0
DA:449,0
DA:450,0
DA:451,0
DA:452,0
DA:453,0
DA:456,0
DA:459,0
DA:461,0
DA:462,0
DA:465,0
DA:466,0
DA:467,0
DA:469,0
DA:496,0
DA:497,0
DA:498,0
DA:524,0
DA:525,0
DA:527,0
DA:528,0
DA:530,0
DA:531,0
DA:560,0
DA:561,0
DA:562,0
DA:563,0
DA:565,0
DA:566,0
DA:586,0
DA:587,0
DA:589,0
DA:590,0
DA:591,0
DA:592,0
DA:594,0
DA:595,0
DA:596,0
DA:598,0
DA:601,0
DA:603,0
DA:604,0
DA:607,0
DA:608,0
DA:609,0
DA:610,0
DA:614,0
DA:615,0
DA:616,0
DA:617,0
DA:623,0
DA:624,0
DA:627,0
DA:628,0
DA:631,0
DA:632,0
DA:633,0
DA:635,0
DA:653,0
DA:654,0
DA:655,0
DA:681,0
DA:682,0
DA:683,0
DA:720,0
DA:721,0
DA:722,0
DA:725,0
DA:726,0
DA:728,0
DA:729,0
DA:731,0
DA:732,0
DA:733,0
DA:735,0
DA:736,0
DA:737,0
DA:738,0
DA:741,0
DA:742,0
DA:743,0
DA:744,0
DA:745,0
DA:748,0
DA:749,0
DA:750,0
DA:752,0
DA:753,0
DA:754,0
DA:755,0
DA:756,0
DA:757,0
DA:763,0
DA:766,0
DA:767,0
DA:769,0
DA:771,0
DA:773,0
DA:774,0
DA:776,0
DA:777,0
DA:779,0
DA:780,0
DA:782,0
DA:783,0
DA:786,0
DA:803,0
DA:804,0
DA:805,0
DA:824,0
DA:825,0
DA:826,0
DA:843,0
DA:844,0
DA:845,0
DA:873,0
DA:875,0
DA:876,0
DA:877,0
DA:879,0
DA:880,0
DA:881,0
DA:882,0
DA:883,0
DA:915,0
DA:917,0
DA:918,0
DA:919,0
DA:921,0
DA:922,0
DA:923,0
DA:924,0
DA:925,0
DA:926,0
DA:955,0
DA:957,0
DA:958,0
DA:959,0
DA:961,0
DA:962,0
DA:963,0
DA:964,0
DA:981,0
DA:982,0
DA:983,0
DA:1001,0
DA:1002,0
DA:1003,0
DA:1014,0
DA:1015,0
DA:1016,0
DA:1018,0
DA:1020,0
DA:1022,0
DA:1030,0
DA:1062,0
DA:1063,0
DA:1064,0
DA:1067,0
DA:1069,0
DA:1076,0
DA:1127,0
DA:1128,0
DA:1129,0
DA:1135,0
DA:1137,0
DA:1138,0
DA:1139,0
DA:1140,0
DA:1141,0
DA:1142,0
DA:1145,0
DA:1146,0
DA:1157,0
DA:1158,0
DA:1176,0
DA:1177,0
DA:1178,0
DA:1199,0
DA:1200,0
DA:1201,0
DA:1203,0
DA:1204,0
DA:1220,2
DA:1221,2
DA:1237,2
DA:1255,2
LF:322
LH:10
BRDA:121,0,0,0
BRDA:121,0,1,0
BRDA:125,1,0,0
BRDA:125,1,1,0
BRDA:126,2,0,0
BRDA:126,2,1,0
BRDA:127,3,0,0
BRDA:127,3,1,0
BRDA:129,4,0,0
BRDA:129,4,1,0
BRDA:130,5,0,0
BRDA:130,5,1,0
BRDA:131,6,0,0
BRDA:131,6,1,0
BRDA:132,7,0,0
BRDA:132,7,1,0
BRDA:133,8,0,0
BRDA:133,8,1,0
BRDA:134,9,0,0
BRDA:134,9,1,0
BRDA:136,10,0,0
BRDA:136,10,1,0
BRDA:140,11,0,0
BRDA:140,11,1,0
BRDA:145,12,0,0
BRDA:145,12,1,0
BRDA:147,13,0,0
BRDA:147,13,1,0
BRDA:165,14,0,0
BRDA:165,14,1,0
BRDA:168,15,0,0
BRDA:168,15,1,0
BRDA:176,16,0,0
BRDA:176,16,1,0
BRDA:182,17,0,0
BRDA:182,17,1,0
BRDA:185,18,0,0
BRDA:185,18,1,0
BRDA:198,19,0,0
BRDA:198,19,1,0
BRDA:210,20,0,0
BRDA:210,20,1,0
BRDA:228,21,0,0
BRDA:228,21,1,0
BRDA:260,22,0,0
BRDA:260,22,1,0
BRDA:290,23,0,0
BRDA:290,23,1,0
BRDA:290,24,0,0
BRDA:290,24,1,0
BRDA:293,25,0,0
BRDA:293,25,1,0
BRDA:295,26,0,0
BRDA:295,26,1,0
BRDA:297,27,0,0
BRDA:297,27,1,0
BRDA:299,28,0,0
BRDA:299,28,1,0
BRDA:301,29,0,0
BRDA:301,29,1,0
BRDA:303,30,0,0
BRDA:303,30,1,0
BRDA:304,31,0,0
BRDA:304,31,1,0
BRDA:344,32,0,0
BRDA:344,32,1,0
BRDA:346,33,0,0
BRDA:346,33,1,0
BRDA:350,34,0,0
BRDA:350,34,1,0
BRDA:350,35,0,0
BRDA:350,35,1,0
BRDA:351,36,0,0
BRDA:351,36,1,0
BRDA:357,37,0,0
BRDA:357,37,1,0
BRDA:357,38,0,0
BRDA:357,38,1,0
BRDA:386,39,0,0
BRDA:386,39,1,0
BRDA:409,40,0,0
BRDA:409,40,1,0
BRDA:448,41,0,0
BRDA:448,41,1,0
BRDA:449,42,0,0
BRDA:449,42,1,0
BRDA:451,43,0,0
BRDA:451,43,1,0
BRDA:461,44,0,0
BRDA:461,44,1,0
BRDA:466,45,0,0
BRDA:466,45,1,0
BRDA:527,46,0,0
BRDA:527,46,1,0
BRDA:562,47,0,0
BRDA:562,47,1,0
BRDA:562,48,0,0
BRDA:562,48,1,0
BRDA:562,48,2,0
BRDA:589,49,0,0
BRDA:589,49,1,0
BRDA:590,50,0,0
BRDA:590,50,1,0
BRDA:594,51,0,0
BRDA:594,51,1,0
BRDA:598,52,0,0
BRDA:598,52,1,0
BRDA:601,53,0,0
BRDA:601,53,1,0
BRDA:603,54,0,0
BRDA:603,54,1,0
BRDA:604,55,0,0
BRDA:604,55,1,0
BRDA:607,56,0,0
BRDA:607,56,1,0
BRDA:607,57,0,0
BRDA:607,57,1,0
BRDA:608,58,0,0
BRDA:608,58,1,0
BRDA:614,59,0,0
BRDA:614,59,1,0
BRDA:614,60,0,0
BRDA:614,60,1,0
BRDA:615,61,0,0
BRDA:615,61,1,0
BRDA:623,62,0,0
BRDA:623,62,1,0
BRDA:623,63,0,0
BRDA:623,63,1,0
BRDA:624,64,0,0
BRDA:624,64,1,0
BRDA:627,65,0,0
BRDA:627,65,1,0
BRDA:627,66,0,0
BRDA:627,66,1,0
BRDA:628,67,0,0
BRDA:628,67,1,0
BRDA:631,68,0,0
BRDA:631,68,1,0
BRDA:721,69,0,0
BRDA:721,69,1,0
BRDA:725,70,0,0
BRDA:725,70,1,0
BRDA:728,71,0,0
BRDA:728,71,1,0
BRDA:732,72,0,0
BRDA:732,72,1,0
BRDA:744,73,0,0
BRDA:744,73,1,0
BRDA:773,74,0,0
BRDA:773,74,1,0
BRDA:776,75,0,0
BRDA:776,75,1,0
BRDA:779,76,0,0
BRDA:779,76,1,0
BRDA:779,77,0,0
BRDA:779,77,1,0
BRDA:782,78,0,0
BRDA:782,78,1,0
BRDA:876,79,0,0
BRDA:876,79,1,0
BRDA:879,80,0,0
BRDA:879,80,1,0
BRDA:880,81,0,0
BRDA:880,81,1,0
BRDA:881,82,0,0
BRDA:881,82,1,0
BRDA:918,83,0,0
BRDA:918,83,1,0
BRDA:921,84,0,0
BRDA:921,84,1,0
BRDA:922,85,0,0
BRDA:922,85,1,0
BRDA:923,86,0,0
BRDA:923,86,1,0
BRDA:924,87,0,0
BRDA:924,87,1,0
BRDA:958,88,0,0
BRDA:958,88,1,0
BRDA:961,89,0,0
BRDA:961,89,1,0
BRDA:962,90,0,0
BRDA:962,90,1,0
BRDA:1015,91,0,0
BRDA:1015,91,1,0
BRDA:1063,92,0,0
BRDA:1063,92,1,0
BRDA:1067,93,0,0
BRDA:1067,93,1,0
BRDA:1128,94,0,0
BRDA:1128,94,1,0
BRDA:1141,95,0,0
BRDA:1141,95,1,0
BRDA:1200,96,0,0
BRDA:1200,96,1,0
BRF:195
BRH:0
end_of_record
TN:
SF:/Users/dwosk/projects/ibm-aspera-connect-sdk/packages/browser/src/index.ts
FNF:0
FNH:0
DA:1,2
DA:2,2
DA:4,2
DA:12,2
DA:13,2
DA:15,2
DA:24,2
DA:32,2
DA:41,2
DA:43,2
DA:44,2
DA:45,0
DA:46,0
DA:50,2
LF:14
LH:12
BRDA:44,0,0,0
BRDA:44,0,1,2
BRDA:45,1,0,0
BRDA:45,1,1,0
BRF:4
BRH:1
end_of_record
TN:
SF:/Users/dwosk/projects/ibm-aspera-connect-sdk/packages/browser/src/installer.ts
FN:62,ConnectInstaller
FN:133,(anonymous_1)
FN:146,(anonymous_2)
FN:162,(anonymous_3)
FN:181,(anonymous_4)
FN:194,(anonymous_5)
FN:209,(anonymous_6)
FN:230,(anonymous_7)
FN:247,(anonymous_8)
FN:262,(anonymous_9)
FN:268,(anonymous_10)
FN:286,(anonymous_11)
FN:371,(anonymous_12)
FN:380,(anonymous_13)
FN:389,(anonymous_14)
FN:393,(anonymous_15)
FN:419,(anonymous_16)
FN:448,(anonymous_17)
FN:468,(anonymous_18)
FN:491,(anonymous_19)
FN:510,(anonymous_20)
FN:517,(anonymous_21)
FN:549,(anonymous_22)
FN:558,(anonymous_23)
FN:563,handleMessage
FN:601,iframeLoaded
FN:608,(anonymous_26)
FN:679,(anonymous_27)
FN:696,(anonymous_28)
FN:700,(anonymous_29)
FN:706,(anonymous_30)
FN:714,(anonymous_31)
FN:729,(anonymous_32)
FN:741,(anonymous_33)
FN:754,(anonymous_34)
FN:769,(anonymous_35)
FN:781,(anonymous_36)
FN:798,(anonymous_37)
FN:813,(anonymous_38)
FN:831,(anonymous_39)
FNF:40
FNH:0
FNDA:0,ConnectInstaller
FNDA:0,(anonymous_1)
FNDA:0,(anonymous_2)
FNDA:0,(anonymous_3)
FNDA:0,(anonymous_4)
FNDA:0,(anonymous_5)
FNDA:0,(anonymous_6)
FNDA:0,(anonymous_7)
FNDA:0,(anonymous_8)
FNDA:0,(anonymous_9)
FNDA:0,(anonymous_10)
FNDA:0,(anonymous_11)
FNDA:0,(anonymous_12)
FNDA:0,(anonymous_13)
FNDA:0,(anonymous_14)
FNDA:0,(anonymous_15)
FNDA:0,(anonymous_16)
FNDA:0,(anonymous_17)
FNDA:0,(anonymous_18)
FNDA:0,(anonymous_19)
FNDA:0,(anonymous_20)
FNDA:0,(anonymous_21)
FNDA:0,(anonymous_22)
FNDA:0,(anonymous_23)
FNDA:0,handleMessage
FNDA:0,iframeLoaded
FNDA:0,(anonymous_26)
FNDA:0,(anonymous_27)
FNDA:0,(anonymous_28)
FNDA:0,(anonymous_29)
FNDA:0,(anonymous_30)
FNDA:0,(anonymous_31)
FNDA:0,(anonymous_32)
FNDA:0,(anonymous_33)
FNDA:0,(anonymous_34)
FNDA:0,(anonymous_35)
FNDA:0,(anonymous_36)
FNDA:0,(anonymous_37)
FNDA:0,(anonymous_38)
FNDA:0,(anonymous_39)
DA:1,2
DA:2,2
DA:3,2
DA:4,2
DA:5,2
DA:6,2
DA:62,2
DA:66,0
DA:68,0
DA:73,0
DA:74,0
DA:75,0
DA:76,0
DA:77,0
DA:81,0
DA:83,0
DA:84,0
DA:87,0
DA:88,0
DA:90,0
DA:91,0
DA:94,0
DA:95,0
DA:96,0
DA:97,0
DA:98,0
DA:100,0
DA:102,0
DA:105,0
DA:108,0
DA:109,0
DA:110,0
DA:111,0
DA:114,0
DA:115,0
DA:133,0
DA:134,0
DA:135,0
DA:136,0
DA:137,0
DA:139,0
DA:140,0
DA:146,0
DA:148,0
DA:149,0
DA:151,0
DA:152,0
DA:153,0
DA:154,0
DA:155,0
DA:156,0
DA:157,0
DA:158,0
DA:159,0
DA:160,0
DA:161,0
DA:162,0
DA:163,0
DA:164,0
DA:165,0
DA:166,0
DA:168,0
DA:169,0
DA:173,0
DA:174,0
DA:175,0
DA:177,0
DA:179,0
DA:181,0
DA:182,0
DA:183,0
DA:185,0
DA:186,0
DA:187,0
DA:189,0
DA:190,0
DA:194,0
DA:195,0
DA:199,0
DA:201,0
DA:202,0
DA:203,0
DA:204,0
DA:209,0
DA:210,0
DA:211,0
DA:212,0
DA:213,0
DA:215,0
DA:217,0
DA:218,0
DA:219,0
DA:220,0
DA:221,0
DA:222,0
DA:223,0
DA:224,0
DA:227,0
DA:230,0
DA:231,0
DA:232,0
DA:233,0
DA:234,0
DA:235,0
DA:237,0
DA:238,0
DA:240,0
DA:244,0
DA:247,0
DA:248,0
DA:249,0
DA:250,0
DA:251,0
DA:253,0
DA:257,0
DA:259,0
DA:262,0
DA:263,0
DA:264,0
DA:268,0
DA:269,0
DA:270,0
DA:273,0
DA:275,0
DA:277,0
DA:279,0
DA:286,0
DA:287,0
DA:288,0
DA:290,0
DA:291,0
DA:371,0
DA:372,0
DA:373,0
DA:375,0
DA:376,0
DA:377,0
DA:379,0
DA:380,0
DA:381,0
DA:382,0
DA:383,0
DA:384,0
DA:389,0
DA:391,0
DA:392,0
DA:393,0
DA:394,0
DA:395,0
DA:396,0
DA:398,0
DA:399,0
DA:400,0
DA:401,0
DA:402,0
DA:403,0
DA:404,0
DA:405,0
DA:408,0
DA:409,0
DA:412,0
DA:413,0
DA:417,0
DA:419,0
DA:420,0
DA:421,0
DA:422,0
DA:423,0
DA:424,0
DA:427,0
DA:428,0
DA:448,0
DA:450,0
DA:451,0
DA:452,0
DA:454,0
DA:455,0
DA:456,0
DA:458,0
DA:468,0
DA:469,0
DA:472,0
DA:476,0
DA:491,0
DA:492,0
DA:493,0
DA:494,0
DA:495,0
DA:496,0
DA:497,0
DA:499,0
DA:500,0
DA:510,0
DA:511,0
DA:512,0
DA:513,0
DA:517,0
DA:519,0
DA:520,0
DA:521,0
DA:523,0
DA:525,0
DA:527,0
DA:528,0
DA:529,0
DA:530,0
DA:533,0
DA:549,0
DA:551,0
DA:552,0
DA:554,0
DA:557,0
DA:558,0
DA:559,0
DA:565,0
DA:566,0
DA:567,0
DA:568,0
DA:569,0
DA:570,0
DA:571,0
DA:572,0
DA:573,0
DA:575,0
DA:576,0
DA:577,0
DA:578,0
DA:579,0
DA:580,0
DA:581,0
DA:582,0
DA:583,0
DA:584,0
DA:585,0
DA:586,0
DA:587,0
DA:588,0
DA:589,0
DA:590,0
DA:591,0
DA:592,0
DA:593,0
DA:594,0
DA:595,0
DA:596,0
DA:597,0
DA:602,0
DA:603,0
DA:604,0
DA:606,0
DA:608,0
DA:609,0
DA:610,0
DA:611,0
DA:612,0
DA:613,0
DA:618,0
DA:620,0
DA:622,0
DA:623,0
DA:626,0
DA:628,0
DA:630,0
DA:631,0
DA:632,0
DA:633,0
DA:636,0
DA:637,0
DA:638,0
DA:640,0
DA:642,0
DA:643,0
DA:644,0
DA:645,0
DA:648,0
DA:650,0
DA:651,0
DA:655,0
DA:656,0
DA:658,0
DA:662,0
DA:664,0
DA:665,0
DA:669,0
DA:671,0
DA:673,0
DA:679,0
DA:680,0
DA:681,0
DA:696,0
DA:697,0
DA:698,0
DA:700,0
DA:701,0
DA:703,0
DA:706,0
DA:708,0
DA:709,0
DA:711,0
DA:714,0
DA:716,0
DA:717,0
DA:719,0
DA:729,0
DA:730,0
DA:741,0
DA:742,0
DA:743,0
DA:754,0
DA:755,0
DA:756,0
DA:758,0
DA:769,0
DA:770,0
DA:771,0
DA:781,0
DA:782,0
DA:785,0
DA:786,0
DA:787,0
DA:788,0
DA:798,0
DA:799,0
DA:813,0
DA:814,0
DA:815,0
DA:816,0
DA:817,0
DA:818,0
DA:819,0
DA:821,0
DA:831,0
DA:832,0
DA:833,0
DA:835,0
DA:836,0
DA:837,0
DA:839,0
DA:843,0
DA:863,2
DA:864,2
LF:341
LH:9
BRDA:83,0,0,0
BRDA:83,0,1,0
BRDA:87,1,0,0
BRDA:87,1,1,0
BRDA:90,2,0,0
BRDA:90,2,1,0
BRDA:94,3,0,0
BRDA:94,3,1,0
BRDA:95,4,0,0
BRDA:95,4,1,0
BRDA:97,5,0,0
BRDA:97,5,1,0
BRDA:100,6,0,0
BRDA:100,6,1,0
BRDA:100,7,0,0
BRDA:100,7,1,0
BRDA:108,8,0,0
BRDA:108,8,1,0
BRDA:110,9,0,0
BRDA:110,9,1,0
BRDA:114,10,0,0
BRDA:114,10,1,0
BRDA:134,11,0,0
BRDA:134,11,1,0
BRDA:134,12,0,0
BRDA:134,12,1,0
BRDA:134,12,2,0
BRDA:136,13,0,0
BRDA:136,13,1,0
BRDA:136,14,0,0
BRDA:136,14,1,0
BRDA:140,15,0,0
BRDA:140,15,1,0
BRDA:151,16,0,0
BRDA:151,16,1,0
BRDA:155,17,0,0
BRDA:155,17,1,0
BRDA:160,18,0,0
BRDA:160,18,1,0
BRDA:163,19,0,0
BRDA:163,19,1,0
BRDA:163,20,0,0
BRDA:163,20,1,0
BRDA:168,21,0,0
BRDA:168,21,1,0
BRDA:179,22,0,0
BRDA:179,22,1,0
BRDA:182,23,0,0
BRDA:182,23,1,0
BRDA:182,24,0,0
BRDA:182,24,1,0
BRDA:182,24,2,0
BRDA:182,24,3,0
BRDA:186,25,0,0
BRDA:186,25,1,0
BRDA:186,26,0,0
BRDA:186,26,1,0
BRDA:189,27,0,0
BRDA:189,27,1,0
BRDA:189,28,0,0
BRDA:189,28,1,0
BRDA:203,29,0,0
BRDA:203,29,1,0
BRDA:211,30,0,0
BRDA:211,30,1,0
BRDA:212,31,0,0
BRDA:212,31,1,0
BRDA:212,32,0,0
BRDA:212,32,1,0
BRDA:217,33,0,0
BRDA:217,33,1,0
BRDA:219,34,0,0
BRDA:219,34,1,0
BRDA:221,35,0,0
BRDA:221,35,1,0
BRDA:223,36,0,0
BRDA:223,36,1,0
BRDA:232,37,0,0
BRDA:232,37,1,0
BRDA:234,38,0,0
BRDA:234,38,1,0
BRDA:237,39,0,0
BRDA:237,39,1,0
BRDA:248,40,0,0
BRDA:248,40,1,0
BRDA:250,41,0,0
BRDA:250,41,1,0
BRDA:273,42,0,0
BRDA:273,42,1,0
BRDA:287,43,0,0
BRDA:287,43,1,0
BRDA:372,44,0,0
BRDA:372,44,1,0
BRDA:375,45,0,0
BRDA:375,45,1,0
BRDA:383,46,0,0
BRDA:383,46,1,0
BRDA:383,47,0,0
BRDA:383,47,1,0
BRDA:401,48,0,0
BRDA:401,48,1,0
BRDA:404,49,0,0
BRDA:404,49,1,0
BRDA:404,50,0,0
BRDA:404,50,1,0
BRDA:405,51,0,0
BRDA:405,51,1,0
BRDA:405,52,0,0
BRDA:405,52,1,0
BRDA:405,52,2,0
BRDA:421,53,0,0
BRDA:421,53,1,0
BRDA:421,54,0,0
BRDA:421,54,1,0
BRDA:423,55,0,0
BRDA:423,55,1,0
BRDA:451,56,0,0
BRDA:451,56,1,0
BRDA:454,57,0,0
BRDA:454,57,1,0
BRDA:469,58,0,0
BRDA:469,58,1,0
BRDA:469,59,0,0
BRDA:469,59,1,0
BRDA:469,59,2,0
BRDA:492,60,0,0
BRDA:492,60,1,0
BRDA:494,61,0,0
BRDA:494,61,1,0
BRDA:496,62,0,0
BRDA:496,62,1,0
BRDA:512,63,0,0
BRDA:512,63,1,0
BRDA:527,64,0,0
BRDA:527,64,1,0
BRDA:529,65,0,0
BRDA:529,65,1,0
BRDA:551,66,0,0
BRDA:551,66,1,0
BRDA:557,67,0,0
BRDA:557,67,1,0
BRDA:565,68,0,0
BRDA:565,68,1,0
BRDA:568,69,0,0
BRDA:568,69,1,0
BRDA:571,70,0,0
BRDA:571,70,1,0
BRDA:576,71,0,0
BRDA:576,71,1,0
BRDA:579,72,0,0
BRDA:579,72,1,0
BRDA:583,73,0,0
BRDA:583,73,1,0
BRDA:587,74,0,0
BRDA:587,74,1,0
BRDA:590,75,0,0
BRDA:590,75,1,0
BRDA:592,76,0,0
BRDA:592,76,1,0
BRDA:592,77,0,0
BRDA:592,77,1,0
BRDA:595,78,0,0
BRDA:595,78,1,0
BRDA:611,79,0,0
BRDA:611,79,1,0
BRDA:612,80,0,0
BRDA:612,80,1,0
BRDA:612,81,0,0
BRDA:612,81,1,0
BRDA:620,82,0,0
BRDA:620,82,1,0
BRDA:622,83,0,0
BRDA:622,83,1,0
BRDA:622,84,0,0
BRDA:622,84,1,0
BRDA:628,85,0,0
BRDA:628,85,1,0
BRDA:630,86,0,0
BRDA:630,86,1,0
BRDA:632,87,0,0
BRDA:632,87,1,0
BRDA:642,88,0,0
BRDA:642,88,1,0
BRDA:644,89,0,0
BRDA:644,89,1,0
BRDA:650,90,0,0
BRDA:650,90,1,0
BRDA:655,91,0,0
BRDA:655,91,1,0
BRDA:664,92,0,0
BRDA:664,92,1,0
BRDA:669,93,0,0
BRDA:669,93,1,0
BRDA:680,94,0,0
BRDA:680,94,1,0
BRDA:696,95,0,0
BRDA:696,95,1,0
BRDA:697,96,0,0
BRDA:697,96,1,0
BRDA:708,97,0,0
BRDA:708,97,1,0
BRDA:708,98,0,0
BRDA:708,98,1,0
BRDA:716,99,0,0
BRDA:716,99,1,0
BRDA:755,100,0,0
BRDA:755,100,1,0
BRDA:755,101,0,0
BRDA:755,101,1,0
BRDA:813,102,0,0
BRDA:813,102,1,0
BRDA:816,103,0,0
BRDA:816,103,1,0
BRDA:816,104,0,0
BRDA:816,104,1,0
BRDA:832,105,0,0
BRDA:832,105,1,0
BRDA:836,106,0,0
BRDA:836,106,1,0
BRDA:836,107,0,0
BRDA:836,107,1,0
BRF:221
BRH:0
end_of_record
TN:
SF:/Users/dwosk/projects/ibm-aspera-connect-sdk/packages/browser/src/logger.ts
FN:20,trace
FN:26,debug
FN:40,log
FN:54,warn
FN:68,error
FN:87,setLevel
FNF:6
FNH:0
FNDA:0,trace
FNDA:0,debug
FNDA:0,log
FNDA:0,warn
FNDA:0,error
FNDA:0,setLevel
DA:7,2
DA:9,2
DA:15,2
DA:16,2
DA:17,0
DA:20,2
DA:21,0
DA:22,0
DA:26,2
DA:27,0
DA:28,0
DA:40,2
DA:41,0
DA:42,0
DA:54,2
DA:55,0
DA:56,0
DA:68,2
DA:69,0
DA:70,0
DA:87,2
DA:88,0
DA:89,0
LF:23
LH:10
BRDA:16,0,0,0
BRDA:16,0,1,2
BRDA:16,1,0,2
BRDA:16,1,1,2
BRDA:21,2,0,0
BRDA:21,2,1,0
BRDA:21,3,0,0
BRDA:21,3,1,0
BRDA:27,4,0,0
BRDA:27,4,1,0
BRDA:27,5,0,0
BRDA:27,5,1,0
BRDA:41,6,0,0
BRDA:41,6,1,0
BRDA:55,7,0,0
BRDA:55,7,1,0
BRDA:69,8,0,0
BRDA:69,8,1,0
BRF:18
BRH:3
end_of_record
TN:
SF:/Users/dwosk/projects/ibm-aspera-connect-sdk/packages/browser/src/utils.ts
FN:43,getInitUrl
FN:51,createError
FN:62,parseJson
FN:82,isNullOrUndefinedOrEmpty
FN:106,versionLessThan
FN:107,(anonymous_5)
FN:137,checkVersionException
FN:152,addVersionException
FN:159,generateUuid
FN:161,(anonymous_9)
FN:174,generateRandomStr
FN:185,encrypt
FN:198,decrypt
FN:234,launchConnect
FN:236,(anonymous_14)
FN:246,(anonymous_15)
FN:252,(anonymous_16)
FN:289,getFullURI
FN:317,utoa
FN:339,atou
FN:347,nextObjectId
FN:354,getLocalStorage
FN:367,setLocalStorage
FNF:23
FNH:6
FNDA:0,getInitUrl
FNDA:0,createError
FNDA:0,parseJson
FNDA:0,isNullOrUndefinedOrEmpty
FNDA:0,versionLessThan
FNDA:0,(anonymous_5)
FNDA:0,checkVersionException
FNDA:0,addVersionException
FNDA:2,generateUuid
FNDA:62,(anonymous_9)
FNDA:2,generateRandomStr
FNDA:0,encrypt
FNDA:0,decrypt
FNDA:0,launchConnect
FNDA:0,(anonymous_14)
FNDA:0,(anonymous_15)
FNDA:0,(anonymous_16)
FNDA:1,getFullURI
FNDA:1,utoa
FNDA:1,atou
FNDA:0,nextObjectId
FNDA:0,getLocalStorage
FNDA:0,setLocalStorage
DA:24,2
DA:25,2
DA:26,2
DA:33,2
DA:34,2
DA:35,2
DA:37,2
DA:38,2
DA:40,2
DA:41,2
DA:43,2
DA:44,0
DA:51,2
DA:52,0
DA:53,0
DA:54,0
DA:56,0
DA:62,2
DA:64,0
DA:65,0
DA:67,0
DA:68,0
DA:70,0
DA:72,0
DA:82,2
DA:83,0
DA:106,2
DA:107,0
DA:108,0
DA:109,0
DA:110,0
DA:111,0
DA:112,0
DA:113,0
DA:116,0
DA:118,0
DA:119,0
DA:121,0
DA:123,0
DA:124,0
DA:127,0
DA:128,0
DA:134,0
DA:137,2
DA:138,0
DA:139,0
DA:141,0
DA:142,0
DA:143,0
DA:144,0
DA:145,0
DA:146,0
DA:149,0
DA:152,2
DA:153,0
DA:154,0
DA:156,0
DA:159,2
DA:160,2
DA:161,2
DA:164,62
DA:165,62
DA:167,2
DA:170,62
DA:174,2
DA:175,2
DA:176,2
DA:178,2
DA:179,64
DA:182,2
DA:185,2
DA:186,0
DA:187,0
DA:188,0
DA:190,0
DA:191,0
DA:194,0
DA:195,0
DA:198,2
DA:199,0
DA:200,0
DA:201,0
DA:204,0
DA:206,0
DA:207,0
DA:211,0
DA:212,0
DA:216,0
DA:234,2
DA:235,0
DA:236,0
DA:237,0
DA:238,0
DA:242,0
DA:243,0
DA:244,0
DA:245,0
DA:246,0
DA:247,0
DA:250,0
DA:252,0
DA:253,0
DA:254,0
DA:256,0
DA:257,0
DA:258,0
DA:259,0
DA:260,0
DA:262,0
DA:263,0
DA:264,0
DA:265,0
DA:266,0
DA:267,0
DA:270,0
DA:289,2
DA:290,1
DA:291,0
DA:293,1
DA:294,1
DA:295,1
DA:296,1
DA:297,1
DA:298,0
DA:300,1
DA:317,2
DA:318,1
DA:319,1
DA:321,0
DA:339,2
DA:340,1
DA:341,1
DA:343,0
DA:347,2
DA:351,0
DA:354,2
DA:355,0
DA:356,0
DA:357,0
DA:359,0
DA:362,0
DA:363,0
DA:367,2
DA:368,0
DA:369,0
DA:370,0
DA:372,0
DA:375,0
DA:376,0
DA:381,2
DA:382,2
DA:383,2
DA:384,2
DA:385,2
DA:386,2
DA:387,2
DA:388,2
LF:157
LH:58
BRDA:53,0,0,0
BRDA:53,0,1,0
BRDA:64,1,0,0
BRDA:64,1,1,0
BRDA:64,2,0,0
BRDA:64,2,1,0
BRDA:64,2,2,0
BRDA:83,3,0,0
BRDA:83,3,1,0
BRDA:83,3,2,0
BRDA:112,4,0,0
BRDA:112,4,1,0
BRDA:123,5,0,0
BRDA:123,5,1,0
BRDA:127,6,0,0
BRDA:127,6,1,0
BRDA:138,7,0,0
BRDA:138,7,1,0
BRDA:142,8,0,0
BRDA:142,8,1,0
BRDA:142,9,0,0
BRDA:142,9,1,0
BRDA:144,10,0,0
BRDA:144,10,1,0
BRDA:153,11,0,0
BRDA:153,11,1,0
BRDA:165,12,0,2
BRDA:165,12,1,60
BRDA:200,13,0,0
BRDA:200,13,1,0
BRDA:237,14,0,0
BRDA:237,14,1,0
BRDA:244,15,0,0
BRDA:244,15,1,0
BRDA:244,16,0,0
BRDA:244,16,1,0
BRDA:256,17,0,0
BRDA:256,17,1,0
BRDA:258,18,0,0
BRDA:258,18,1,0
BRDA:258,19,0,0
BRDA:258,19,1,0
BRDA:258,19,2,0
BRDA:290,20,0,0
BRDA:290,20,1,1
BRDA:297,21,0,0
BRDA:297,21,1,1
BRDA:318,22,0,1
BRDA:318,22,1,0
BRDA:340,23,0,1
BRDA:340,23,1,0
BRDA:356,24,0,0
BRDA:356,24,1,0
BRDA:369,25,0,0
BRDA:369,25,1,0
BRF:55
BRH:6
end_of_record
TN:
SF:/Users/dwosk/projects/ibm-aspera-connect-sdk/packages/browser/src/request/extRequestImpl.ts
FN:20,(anonymous_0)
FN:29,ExtRequestImpl
FN:46,(anonymous_2)
FN:51,(anonymous_3)
FN:60,(anonymous_4)
FN:69,(anonymous_5)
FN:83,(anonymous_6)
FN:104,(anonymous_7)
FN:31,(anonymous_8)
FN:35,(anonymous_9)
FN:42,(anonymous_10)
FNF:11
FNH:1
FNDA:2,(anonymous_0)
FNDA:0,ExtRequestImpl
FNDA:0,(anonymous_2)
FNDA:0,(anonymous_3)
FNDA:0,(anonymous_4)
FNDA:0,(anonymous_5)
FNDA:0,(anonymous_6)
FNDA:0,(anonymous_7)
FNDA:0,(anonymous_8)
FNDA:0,(anonymous_9)
FNDA:0,(anonymous_10)
DA:1,2
DA:2,2
DA:3,2
DA:4,2
DA:20,2
DA:21,2
DA:22,2
DA:23,0
DA:24,0
DA:25,0
DA:26,0
DA:29,0
DA:31,2
DA:32,0
DA:35,2
DA:36,0
DA:37,0
DA:38,0
DA:42,2
DA:43,0
DA:46,0
DA:50,0
DA:51,0
DA:52,0
DA:53,0
DA:54,0
DA:59,0
DA:60,0
DA:61,0
DA:62,0
DA:63,0
DA:65,0
DA:66,0
DA:68,0
DA:69,0
DA:70,0
DA:71,0
DA:72,0
DA:73,0
DA:75,0
DA:76,0
DA:77,0
DA:81,0
DA:83,0
DA:84,0
DA:86,0
DA:87,0
DA:88,0
DA:89,0
DA:91,0
DA:92,0
DA:93,0
DA:98,0
DA:101,0
DA:104,0
DA:105,0
DA:111,0
DA:118,0
DA:119,0
DA:120,0
DA:123,2
DA:125,2
LF:62
LH:12
BRDA:50,0,0,0
BRDA:50,0,1,0
BRDA:53,1,0,0
BRDA:53,1,1,0
BRDA:65,2,0,0
BRDA:65,2,1,0
BRDA:68,3,0,0
BRDA:68,3,1,0
BRDA:72,4,0,0
BRDA:72,4,1,0
BRDA:76,5,0,0
BRDA:76,5,1,0
BRDA:84,6,0,0
BRDA:84,6,1,0
BRDA:84,7,0,0
BRDA:84,7,1,0
BRDA:84,7,2,0
BRDA:84,7,3,0
BRDA:88,8,0,0
BRDA:88,8,1,0
BRDA:92,9,0,0
BRDA:92,9,1,0
BRDA:37,10,0,0
BRDA:37,10,1,0
BRF:24
BRH:0
end_of_record
TN:
SF:/Users/dwosk/projects/ibm-aspera-connect-sdk/packages/browser/src/request/http.ts
FN:16,(anonymous_0)
FN:20,(anonymous_1)
FN:28,(anonymous_2)
FN:31,(anonymous_3)
FN:48,(anonymous_4)
FN:62,XMLhttpRequestImplementation
FN:71,(anonymous_6)
FN:78,(anonymous_7)
FN:92,(anonymous_8)
FN:99,(anonymous_9)
FN:118,(anonymous_10)
FN:119,(anonymous_11)
FN:141,(anonymous_12)
FN:154,(anonymous_13)
FN:160,(anonymous_14)
FN:191,(anonymous_15)
FN:217,(anonymous_16)
FN:227,(anonymous_17)
FN:266,(anonymous_18)
FN:274,(anonymous_19)
FN:283,(anonymous_20)
FN:336,(anonymous_21)
FN:342,(anonymous_22)
FN:65,(anonymous_23)
FNF:24
FNH:1
FNDA:0,(anonymous_0)
FNDA:0,(anonymous_1)
FNDA:0,(anonymous_2)
FNDA:0,(anonymous_3)
FNDA:2,(anonymous_4)
FNDA:0,XMLhttpRequestImplementation
FNDA:0,(anonymous_6)
FNDA:0,(anonymous_7)
FNDA:0,(anonymous_8)
FNDA:0,(anonymous_9)
FNDA:0,(anonymous_10)
FNDA:0,(anonymous_11)
FNDA:0,(anonymous_12)
FNDA:0,(anonymous_13)
FNDA:0,(anonymous_14)
FNDA:0,(anonymous_15)
FNDA:0,(anonymous_16)
FNDA:0,(anonymous_17)
FNDA:0,(anonymous_18)
FNDA:0,(anonymous_19)
FNDA:0,(anonymous_20)
FNDA:0,(anonymous_21)
FNDA:0,(anonymous_22)
FNDA:0,(anonymous_23)
DA:1,2
DA:2,2
DA:3,2
DA:4,2
DA:5,2
DA:16,2
DA:17,0
DA:20,2
DA:21,0
DA:22,0
DA:23,0
DA:25,0
DA:28,2
DA:29,0
DA:31,0
DA:32,0
DA:33,0
DA:35,0
DA:36,0
DA:38,0
DA:39,0
DA:42,0
DA:45,0
DA:48,2
DA:51,0
DA:52,0
DA:53,0
DA:54,0
DA:55,0
DA:56,0
DA:57,0
DA:59,0
DA:60,0
DA:62,0
DA:64,0
DA:65,0
DA:66,0
DA:71,0
DA:72,0
DA:73,0
DA:75,0
DA:78,0
DA:79,0
DA:81,0
DA:83,0
DA:84,0
DA:85,0
DA:87,0
DA:88,0
DA:92,0
DA:93,0
DA:94,0
DA:95,0
DA:99,0
DA:101,0
DA:102,0
DA:103,0
DA:104,0
DA:106,0
DA:107,0
DA:108,0
DA:109,0
DA:110,0
DA:111,0
DA:113,0
DA:115,0
DA:118,0
DA:119,0
DA:120,0
DA:121,0
DA:122,0
DA:124,0
DA:125,0
DA:126,0
DA:127,0
DA:128,0
DA:130,0
DA:133,0
DA:134,0
DA:135,0
DA:136,0
DA:138,0
DA:141,0
DA:143,0
DA:144,0
DA:145,0
DA:146,0
DA:147,0
DA:149,0
DA:154,0
DA:156,0
DA:157,0
DA:160,0
DA:162,0
DA:163,0
DA:166,0
DA:167,0
DA:170,0
DA:171,0
DA:172,0
DA:173,0
DA:175,0
DA:177,0
DA:178,0
DA:179,0
DA:180,0
DA:181,0
DA:182,0
DA:184,0
DA:185,0
DA:188,0
DA:191,0
DA:193,0
DA:194,0
DA:195,0
DA:196,0
DA:197,0
DA:201,0
DA:202,0
DA:203,0
DA:204,0
DA:206,0
DA:207,0
DA:208,0
DA:209,0
DA:210,0
DA:211,0
DA:213,0
DA:214,0
DA:217,0
DA:218,0
DA:219,0
DA:220,0
DA:221,0
DA:223,0
DA:227,0
DA:230,0
DA:231,0
DA:234,0
DA:235,0
DA:236,0
DA:237,0
DA:239,0
DA:242,0
DA:243,0
DA:244,0
DA:245,0
DA:247,0
DA:250,0
DA:251,0
DA:252,0
DA:254,0
DA:256,0
DA:257,0
DA:258,0
DA:259,0
DA:260,0
DA:261,0
DA:262,0
DA:263,0
DA:266,0
DA:267,0
DA:268,0
DA:269,0
DA:274,0
DA:276,0
DA:277,0
DA:278,0
DA:281,0
DA:282,0
DA:283,0
DA:284,0
DA:285,0
DA:287,0
DA:288,0
DA:289,0
DA:291,0
DA:292,0
DA:294,0
DA:297,0
DA:299,0
DA:300,0
DA:302,0
DA:304,0
DA:305,0
DA:306,0
DA:307,0
DA:308,0
DA:313,0
DA:318,0
DA:320,0
DA:323,0
DA:324,0
DA:325,0
DA:328,0
DA:329,0
DA:331,0
DA:333,0
DA:336,0
DA:337,0
DA:342,0
DA:343,0
DA:344,0
DA:346,0
DA:347,0
DA:349,0
DA:350,0
DA:354,2
DA:356,2
LF:209
LH:11
BRDA:17,0,0,0
BRDA:17,0,1,0
BRDA:22,1,0,0
BRDA:22,1,1,0
BRDA:29,2,0,0
BRDA:29,2,1,0
BRDA:72,3,0,0
BRDA:72,3,1,0
BRDA:83,4,0,0
BRDA:83,4,1,0
BRDA:83,5,0,0
BRDA:83,5,1,0
BRDA:87,6,0,0
BRDA:87,6,1,0
BRDA:93,7,0,0
BRDA:93,7,1,0
BRDA:102,8,0,0
BRDA:102,8,1,0
BRDA:106,9,0,0
BRDA:106,9,1,0
BRDA:108,10,0,0
BRDA:108,10,1,0
BRDA:120,11,0,0
BRDA:120,11,1,0
BRDA:135,12,0,0
BRDA:135,12,1,0
BRDA:143,13,0,0
BRDA:143,13,1,0
BRDA:146,14,0,0
BRDA:146,14,1,0
BRDA:146,15,0,0
BRDA:146,15,1,0
BRDA:166,16,0,0
BRDA:166,16,1,0
BRDA:166,17,0,0
BRDA:166,17,1,0
BRDA:170,18,0,0
BRDA:170,18,1,0
BRDA:175,19,0,0
BRDA:175,19,1,0
BRDA:191,20,0,0
BRDA:191,20,1,0
BRDA:193,21,0,0
BRDA:193,21,1,0
BRDA:193,22,0,0
BRDA:193,22,1,0
BRDA:195,23,0,0
BRDA:195,23,1,0
BRDA:195,24,0,0
BRDA:195,24,1,0
BRDA:219,25,0,0
BRDA:219,25,1,0
BRDA:230,26,0,0
BRDA:230,26,1,0
BRDA:235,27,0,0
BRDA:235,27,1,0
BRDA:243,28,0,0
BRDA:243,28,1,0
BRDA:251,29,0,0
BRDA:251,29,1,0
BRDA:277,30,0,0
BRDA:277,30,1,0
BRDA:277,31,0,0
BRDA:277,31,1,0
BRDA:284,32,0,0
BRDA:284,32,1,0
BRDA:287,33,0,0
BRDA:287,33,1,0
BRDA:287,34,0,0
BRDA:287,34,1,0
BRDA:291,35,0,0
BRDA:291,35,1,0
BRDA:294,36,0,0
BRDA:294,36,1,0
BRDA:294,37,0,0
BRDA:294,37,1,0
BRDA:297,38,0,0
BRDA:297,38,1,0
BRDA:297,39,0,0
BRDA:297,39,1,0
BRDA:297,39,2,0
BRDA:305,40,0,0
BRDA:305,40,1,0
BRDA:308,41,0,0
BRDA:308,41,1,0
BRDA:308,42,0,0
BRDA:308,42,1,0
BRDA:308,42,2,0
BRDA:308,42,3,0
BRDA:308,42,4,0
BRDA:324,43,0,0
BRDA:324,43,1,0
BRDA:328,44,0,0
BRDA:328,44,1,0
BRDA:343,45,0,0
BRDA:343,45,1,0
BRDA:346,46,0,0
BRDA:346,46,1,0
BRDA:349,47,0,0
BRDA:349,47,1,0
BRDA:64,48,0,0
BRDA:64,48,1,0
BRF:102
BRH:0
end_of_record
TN:
SF:/Users/dwosk/projects/ibm-aspera-connect-sdk/packages/browser/src/request/native-message-ext.ts
FN:5,(anonymous_0)
FN:12,NativeMessageExtRequestImplementation
FN:21,(anonymous_2)
FN:30,(anonymous_3)
FN:31,(anonymous_4)
FN:33,(anonymous_5)
FN:38,(anonymous_6)
FN:50,(anonymous_7)
FN:59,(anonymous_8)
FN:77,(anonymous_9)
FN:82,(anonymous_10)
FN:90,(anonymous_11)
FN:14,(anonymous_12)
FN:134,(anonymous_13)
FN:146,(anonymous_14)
FN:155,(anonymous_15)
FN:158,(anonymous_16)
FN:175,_hasConnectBeenInstalled
FN:180,_recordConnectInstall
FNF:19
FNH:1
FNDA:2,(anonymous_0)
FNDA:0,NativeMessageExtRequestImplementation
FNDA:0,(anonymous_2)
FNDA:0,(anonymous_3)
FNDA:0,(anonymous_4)
FNDA:0,(anonymous_5)
FNDA:0,(anonymous_6)
FNDA:0,(anonymous_7)
FNDA:0,(anonymous_8)
FNDA:0,(anonymous_9)
FNDA:0,(anonymous_10)
FNDA:0,(anonymous_11)
FNDA:0,(anonymous_12)
FNDA:0,(anonymous_13)
FNDA:0,(anonymous_14)
FNDA:0,(anonymous_15)
FNDA:0,(anonymous_16)
FNDA:0,_hasConnectBeenInstalled
FNDA:0,_recordConnectInstall
DA:1,2
DA:2,2
DA:3,2
DA:5,2
DA:6,0
DA:7,0
DA:8,0
DA:12,0
DA:14,2
DA:15,0
DA:16,0
DA:18,0
DA:21,0
DA:22,0
DA:23,0
DA:26,0
DA:27,0
DA:30,0
DA:31,0
DA:33,0
DA:34,0
DA:36,0
DA:39,0
DA:44,0
DA:50,0
DA:51,0
DA:52,0
DA:53,0
DA:54,0
DA:60,0
DA:61,0
DA:64,0
DA:65,0
DA:68,0
DA:69,0
DA:72,0
DA:73,0
DA:74,0
DA:75,0
DA:76,0
DA:80,0
DA:82,0
DA:86,0
DA:87,0
DA:90,0
DA:92,0
DA:95,0
DA:96,0
DA:97,0
DA:100,0
DA:101,0
DA:102,0
DA:105,0
DA:106,0
DA:108,0
DA:112,0
DA:113,0
DA:116,0
DA:117,0
DA:118,0
DA:119,0
DA:120,0
DA:121,0
DA:124,0
DA:125,0
DA:128,0
DA:129,0
DA:134,2
DA:136,0
DA:137,0
DA:138,0
DA:140,0
DA:141,0
DA:142,0
DA:145,0
DA:146,0
DA:147,0
DA:148,0
DA:149,0
DA:154,0
DA:155,0
DA:156,0
DA:157,0
DA:158,0
DA:159,0
DA:160,0
DA:161,0
DA:163,0
DA:164,0
DA:165,0
DA:166,0
DA:170,0
DA:171,0
DA:173,2
DA:175,2
DA:176,0
DA:177,0
DA:180,2
DA:181,0
DA:184,2
LF:100
LH:10
BRDA:12,0,0,0
BRDA:12,0,1,0
BRDA:22,1,0,0
BRDA:22,1,1,0
BRDA:26,2,0,0
BRDA:26,2,1,0
BRDA:34,3,0,0
BRDA:34,3,1,0
BRDA:52,4,0,0
BRDA:52,4,1,0
BRDA:60,5,0,0
BRDA:60,5,1,0
BRDA:64,6,0,0
BRDA:64,6,1,0
BRDA:68,7,0,0
BRDA:68,7,1,0
BRDA:68,8,0,0
BRDA:68,8,1,0
BRDA:74,9,0,0
BRDA:74,9,1,0
BRDA:92,10,0,0
BRDA:92,10,1,0
BRDA:92,11,0,0
BRDA:92,11,1,0
BRDA:92,11,2,0
BRDA:92,11,3,0
BRDA:92,11,4,0
BRDA:96,12,0,0
BRDA:96,12,1,0
BRDA:100,13,0,0
BRDA:100,13,1,0
BRDA:105,14,0,0
BRDA:105,14,1,0
BRDA:112,15,0,0
BRDA:112,15,1,0
BRDA:116,16,0,0
BRDA:116,16,1,0
BRDA:118,17,0,0
BRDA:118,17,1,0
BRDA:128,18,0,0
BRDA:128,18,1,0
BRDA:15,19,0,0
BRDA:15,19,1,0
BRDA:15,20,0,0
BRDA:15,20,1,0
BRDA:15,20,2,0
BRDA:136,21,0,0
BRDA:136,21,1,0
BRDA:140,22,0,0
BRDA:140,22,1,0
BRDA:145,23,0,0
BRDA:145,23,1,0
BRDA:148,24,0,0
BRDA:148,24,1,0
BRDA:160,25,0,0
BRDA:160,25,1,0
BRDA:165,26,0,0
BRDA:165,26,1,0
BRDA:177,27,0,0
BRDA:177,27,1,0
BRF:60
BRH:0
end_of_record
TN:
SF:/Users/dwosk/projects/ibm-aspera-connect-sdk/packages/browser/src/request/npapi.ts
FN:5,mimeType
FN:22,(anonymous_1)
FN:28,NPAPIrequestImplementation
FN:43,(anonymous_3)
FN:76,(anonymous_4)
FN:77,(anonymous_5)
FN:78,(anonymous_6)
FN:94,(anonymous_7)
FN:135,(anonymous_8)
FN:139,(anonymous_9)
FN:30,(anonymous_10)
FNF:11
FNH:1
FNDA:0,mimeType
FNDA:2,(anonymous_1)
FNDA:0,NPAPIrequestImplementation
FNDA:0,(anonymous_3)
FNDA:0,(anonymous_4)
FNDA:0,(anonymous_5)
FNDA:0,(anonymous_6)
FNDA:0,(anonymous_7)
FNDA:0,(anonymous_8)
FNDA:0,(anonymous_9)
FNDA:0,(anonymous_10)
DA:1,2
DA:2,2
DA:3,2
DA:6,0
DA:22,2
DA:23,0
DA:24,0
DA:25,0
DA:26,0
DA:28,0
DA:30,2
DA:31,0
DA:32,0
DA:34,0
DA:43,0
DA:44,0
DA:45,0
DA:46,0
DA:47,0
DA:48,0
DA:51,0
DA:52,0
DA:56,0
DA:57,0
DA:58,0
DA:59,0
DA:60,0
DA:61,0
DA:63,0
DA:64,0
DA:65,0
DA:66,0
DA:68,0
DA:69,0
DA:76,0
DA:77,0
DA:78,0
DA:79,0
DA:80,0
DA:82,0
DA:83,0
DA:85,0
DA:86,0
DA:87,0
DA:94,0
DA:95,0
DA:96,0
DA:98,0
DA:100,0
DA:101,0
DA:102,0
DA:103,0
DA:105,0
DA:106,0
DA:107,0
DA:112,0
DA:113,0
DA:114,0
DA:120,0
DA:121,0
DA:123,0
DA:135,0
DA:136,0
DA:137,0
DA:139,0
DA:141,0
DA:142,0
DA:143,0
DA:144,0
DA:146,0
DA:151,0
DA:152,0
DA:156,0
DA:158,0
DA:159,0
DA:161,2
DA:163,2
LF:77
LH:7
BRDA:45,0,0,0
BRDA:45,0,1,0
BRDA:77,1,0,0
BRDA:77,1,1,0
BRDA:78,2,0,0
BRDA:78,2,1,0
BRDA:80,3,0,0
BRDA:80,3,1,0
BRDA:82,4,0,0
BRDA:82,4,1,0
BRDA:83,5,0,0
BRDA:83,5,1,0
BRDA:83,6,0,0
BRDA:83,6,1,0
BRDA:83,6,2,0
BRDA:95,7,0,0
BRDA:95,7,1,0
BRDA:95,8,0,0
BRDA:95,8,1,0
BRDA:100,9,0,0
BRDA:100,9,1,0
BRDA:112,10,0,0
BRDA:112,10,1,0
BRDA:136,11,0,0
BRDA:136,11,1,0
BRDA:142,12,0,0
BRDA:142,12,1,0
BRDA:143,13,0,0
BRDA:143,13,1,0
BRDA:151,14,0,0
BRDA:151,14,1,0
BRDA:31,15,0,0
BRDA:31,15,1,0
BRDA:31,16,0,0
BRDA:31,16,1,0
BRDA:31,16,2,0
BRF:36
BRH:0
end_of_record
TN:
SF:/Users/dwosk/projects/ibm-aspera-connect-sdk/packages/browser/src/request/request.ts
FN:40,(anonymous_0)
FN:60,RequestHandler
FN:62,(anonymous_2)
FN:73,(anonymous_3)
FN:91,(anonymous_4)
FN:129,(anonymous_5)
FN:139,(anonymous_6)
FN:183,(anonymous_7)
FN:187,(anonymous_8)
FN:196,(anonymous_9)
FN:199,(anonymous_10)
FN:220,(anonymous_11)
FN:243,(anonymous_12)
FN:250,(anonymous_13)
FN:251,(anonymous_14)
FN:259,setHttpRequestImpl
FN:279,(anonymous_16)
FN:282,(anonymous_17)
FN:299,(anonymous_18)
FNF:19
FNH:1
FNDA:2,(anonymous_0)
FNDA:0,RequestHandler
FNDA:0,(anonymous_2)
FNDA:0,(anonymous_3)
FNDA:0,(anonymous_4)
FNDA:0,(anonymous_5)
FNDA:0,(anonymous_6)
FNDA:0,(anonymous_7)
FNDA:0,(anonymous_8)
FNDA:0,(anonymous_9)
FNDA:0,(anonymous_10)
FNDA:0,(anonymous_11)
FNDA:0,(anonymous_12)
FNDA:0,(anonymous_13)
FNDA:0,(anonymous_14)
FNDA:0,setHttpRequestImpl
FNDA:0,(anonymous_16)
FNDA:0,(anonymous_17)
FNDA:0,(anonymous_18)
DA:1,2
DA:2,2
DA:3,2
DA:4,2
DA:5,2
DA:6,2
DA:7,2
DA:8,2
DA:9,2
DA:14,2
DA:40,2
DA:41,2
DA:44,0
DA:46,0
DA:47,0
DA:49,0
DA:51,0
DA:53,0
DA:55,0
DA:56,0
DA:58,0
DA:60,0
DA:62,0
DA:64,0
DA:65,0
DA:66,0
DA:67,0
DA:70,0
DA:73,0
DA:74,0
DA:76,0
DA:77,0
DA:78,0
DA:81,0
DA:82,0
DA:83,0
DA:85,0
DA:86,0
DA:88,0
DA:91,0
DA:92,0
DA:93,0
DA:94,0
DA:95,0
DA:96,0
DA:97,0
DA:98,0
DA:100,0
DA:104,0
DA:105,0
DA:108,0
DA:109,0
DA:110,0
DA:112,0
DA:113,0
DA:116,0
DA:117,0
DA:118,0
DA:119,0
DA:120,0
DA:121,0
DA:122,0
DA:123,0
DA:126,0
DA:129,0
DA:130,0
DA:131,0
DA:132,0
DA:133,0
DA:134,0
DA:136,0
DA:139,0
DA:140,0
DA:141,0
DA:142,0
DA:145,0
DA:146,0
DA:149,0
DA:152,0
DA:154,0
DA:156,0
DA:157,0
DA:158,0
DA:160,0
DA:161,0
DA:163,0
DA:164,0
DA:166,0
DA:167,0
DA:168,0
DA:170,0
DA:171,0
DA:174,0
DA:175,0
DA:178,0
DA:179,0
DA:183,0
DA:184,0
DA:187,0
DA:188,0
DA:189,0
DA:191,0
DA:192,0
DA:195,0
DA:196,0
DA:198,0
DA:199,0
DA:202,0
DA:203,0
DA:204,0
DA:206,0
DA:207,0
DA:211,0
DA:212,0
DA:213,0
DA:216,0
DA:217,0
DA:220,0
DA:222,0
DA:224,0
DA:225,0
DA:236,0
DA:237,0
DA:238,0
DA:239,0
DA:240,0
DA:243,0
DA:244,0
DA:245,0
DA:246,0
DA:248,0
DA:250,0
DA:251,0
DA:252,0
DA:253,0
DA:254,0
DA:257,0
DA:260,0
DA:261,0
DA:262,0
DA:266,0
DA:267,0
DA:269,0
DA:272,0
DA:273,0
DA:275,0
DA:276,0
DA:278,0
DA:280,0
DA:283,0
DA:284,0
DA:285,0
DA:287,0
DA:288,0
DA:290,0
DA:292,0
DA:299,0
DA:300,0
DA:301,0
DA:302,0
DA:304,0
DA:306,2
DA:308,2
LF:163
LH:14
BRDA:66,0,0,0
BRDA:66,0,1,0
BRDA:77,1,0,0
BRDA:77,1,1,0
BRDA:81,2,0,0
BRDA:81,2,1,0
BRDA:85,3,0,0
BRDA:85,3,1,0
BRDA:93,4,0,0
BRDA:93,4,1,0
BRDA:96,5,0,0
BRDA:96,5,1,0
BRDA:104,6,0,0
BRDA:104,6,1,0
BRDA:104,7,0,0
BRDA:104,7,1,0
BRDA:108,8,0,0
BRDA:108,8,1,0
BRDA:109,9,0,0
BRDA:109,9,1,0
BRDA:109,10,0,0
BRDA:109,10,1,0
BRDA:112,11,0,0
BRDA:112,11,1,0
BRDA:140,12,0,0
BRDA:140,12,1,0
BRDA:146,13,0,0
BRDA:146,13,1,0
BRDA:152,14,0,0
BRDA:152,14,1,0
BRDA:154,15,0,0
BRDA:154,15,1,0
BRDA:154,16,0,0
BRDA:154,16,1,0
BRDA:163,17,0,0
BRDA:163,17,1,0
BRDA:167,18,0,0
BRDA:167,18,1,0
BRDA:167,19,0,0
BRDA:167,19,1,0
BRDA:188,20,0,0
BRDA:188,20,1,0
BRDA:191,21,0,0
BRDA:191,21,1,0
BRDA:191,22,0,0
BRDA:191,22,1,0
BRDA:191,22,2,0
BRDA:195,23,0,0
BRDA:195,23,1,0
BRDA:198,24,0,0
BRDA:198,24,1,0
BRDA:206,25,0,0
BRDA:206,25,1,0
BRDA:211,26,0,0
BRDA:211,26,1,0
BRDA:237,27,0,0
BRDA:237,27,1,0
BRDA:245,28,0,0
BRDA:245,28,1,0
BRDA:252,29,0,0
BRDA:252,29,1,0
BRDA:252,30,0,0
BRDA:252,30,1,0
BRDA:266,31,0,0
BRDA:266,31,1,0
BRDA:272,32,0,0
BRDA:272,32,1,0
BRDA:272,33,0,0
BRDA:272,33,1,0
BRDA:275,34,0,0
BRDA:275,34,1,0
BRDA:283,35,0,0
BRDA:283,35,1,0
BRDA:283,36,0,0
BRDA:283,36,1,0
BRDA:283,36,2,0
BRDA:284,37,0,0
BRDA:284,37,1,0
BRDA:301,38,0,0
BRDA:301,38,1,0
BRF:80
BRH:0
end_of_record
TN:
SF:/Users/dwosk/projects/ibm-aspera-connect-sdk/packages/browser/src/request/safari-app-ext.ts
FN:8,(anonymous_0)
FN:13,SafariAppExtRequestImplementation
FN:24,(anonymous_2)
FN:33,(anonymous_3)
FN:36,(anonymous_4)
FN:17,(anonymous_5)
FN:49,(anonymous_6)
FN:75,(anonymous_7)
FNF:8
FNH:1
FNDA:2,(anonymous_0)
FNDA:0,SafariAppExtRequestImplementation
FNDA:0,(anonymous_2)
FNDA:0,(anonymous_3)
FNDA:0,(anonymous_4)
FNDA:0,(anonymous_5)
FNDA:0,(anonymous_6)
FNDA:0,(anonymous_7)
DA:1,2
DA:2,2
DA:3,2
DA:4,2
DA:6,2
DA:8,2
DA:9,0
DA:10,0
DA:11,0
DA:14,0
DA:17,2
DA:18,0
DA:19,0
DA:21,0
DA:24,0
DA:25,0
DA:26,0
DA:29,0
DA:30,0
DA:33,0
DA:35,0
DA:46,0
DA:49,2
DA:50,0
DA:51,0
DA:52,0
DA:55,0
DA:56,0
DA:58,0
DA:59,0
DA:60,0
DA:62,0
DA:64,0
DA:66,0
DA:67,0
DA:68,0
DA:70,0
DA:75,2
DA:76,0
DA:77,0
DA:78,0
DA:79,0
DA:80,0
DA:81,0
DA:82,0
DA:83,0
DA:85,2
DA:87,2
LF:48
LH:11
BRDA:14,0,0,0
BRDA:14,0,1,0
BRDA:25,1,0,0
BRDA:25,1,1,0
BRDA:29,2,0,0
BRDA:29,2,1,0
BRDA:36,3,0,0
BRDA:36,3,1,0
BRDA:18,4,0,0
BRDA:18,4,1,0
BRDA:51,5,0,0
BRDA:51,5,1,0
BRDA:55,6,0,0
BRDA:55,6,1,0
BRDA:62,7,0,0
BRDA:62,7,1,0
BRDA:62,8,0,0
BRDA:62,8,1,0
BRDA:62,8,2,0
BRDA:67,9,0,0
BRDA:67,9,1,0
BRF:21
BRH:0
end_of_record
TN:
SF:/Users/dwosk/projects/ibm-aspera-connect-sdk/packages/browser/src/shared/browser.ts
FN:3,(anonymous_0)
FN:9,(anonymous_1)
FN:15,(anonymous_2)
FNF:3
FNH:0
FNDA:0,(anonymous_0)
FNDA:0,(anonymous_1)
FNDA:0,(anonymous_2)
DA:1,2
DA:3,2
DA:4,0
DA:5,0
DA:6,0
DA:9,2
DA:10,0
DA:11,0
DA:12,0
DA:15,2
DA:16,0
DA:17,0
DA:18,0
DA:21,2
LF:14
LH:5
BRDA:1,0,0,2
BRDA:1,0,1,0
BRDA:5,1,0,0
BRDA:5,1,1,0
BRDA:5,1,2,0
BRDA:5,1,3,0
BRDA:11,2,0,0
BRDA:11,2,1,0
BRDA:11,2,2,0
BRDA:11,2,3,0
BRDA:17,3,0,0
BRDA:17,3,1,0
BRDA:17,3,2,0
BRDA:17,3,3,0
BRDA:22,4,0,2
BRDA:22,4,1,0
BRDA:23,5,0,2
BRDA:23,5,1,0
BRDA:24,6,0,2
BRDA:24,6,1,2
BRDA:24,6,2,2
BRDA:25,7,0,2
BRDA:25,7,1,0
BRDA:25,7,2,0
BRDA:26,8,0,2
BRDA:26,8,1,0
BRDA:26,8,2,0
BRDA:27,9,0,2
BRDA:27,9,1,0
BRDA:28,10,0,2
BRDA:28,10,1,0
BRDA:29,11,0,2
BRDA:29,11,1,2
BRDA:29,11,2,0
BRDA:30,12,0,2
BRDA:30,12,1,2
BRDA:30,12,2,0
BRDA:30,12,3,0
BRF:38
BRH:14
end_of_record
TN:
SF:/Users/dwosk/projects/ibm-aspera-connect-sdk/packages/browser/src/shared/constants.ts
FNF:0
FNH:0
DA:1,2
DA:2,2
DA:3,2
DA:4,2
DA:5,2
DA:6,2
DA:8,2
DA:9,2
DA:10,2
DA:11,2
DA:13,2
DA:15,2
DA:22,2
DA:31,2
DA:37,2
DA:48,2
DA:49,2
DA:50,2
DA:51,2
DA:52,2
DA:53,2
DA:55,2
LF:22
LH:22
BRF:0
BRH:0
end_of_record
TN:
SF:/Users/dwosk/projects/ibm-aspera-connect-sdk/packages/browser/src/shared/sharedInternals.ts
FN:9,(anonymous_0)
FN:12,(anonymous_1)
FN:20,(anonymous_2)
FN:23,(anonymous_3)
FN:51,(anonymous_4)
FN:88,(anonymous_5)
FN:91,(anonymous_6)
FN:99,(anonymous_7)
FN:102,(anonymous_8)
FN:110,(anonymous_9)
FN:113,(anonymous_10)
FN:121,(anonymous_11)
FN:124,(anonymous_12)
FNF:13
FNH:2
FNDA:0,(anonymous_0)
FNDA:0,(anonymous_1)
FNDA:0,(anonymous_2)
FNDA:0,(anonymous_3)
FNDA:0,(anonymous_4)
FNDA:2,(anonymous_5)
FNDA:0,(anonymous_6)
FNDA:2,(anonymous_7)
FNDA:0,(anonymous_8)
FNDA:0,(anonymous_9)
FNDA:0,(anonymous_10)
FNDA:0,(anonymous_11)
FNDA:0,(anonymous_12)
DA:6,2
DA:8,2
DA:10,0
DA:13,0
DA:17,2
DA:19,2
DA:21,0
DA:24,0
DA:41,2
DA:52,0
DA:53,0
DA:55,0
DA:56,0
DA:58,0
DA:59,0
DA:61,0
DA:62,0
DA:64,0
DA:65,0
DA:67,0
DA:68,0
DA:70,0
DA:71,0
DA:73,0
DA:74,0
DA:76,0
DA:77,0
DA:79,0
DA:83,2
DA:85,2
DA:87,2
DA:89,2
DA:92,0
DA:96,2
DA:98,2
DA:100,2
DA:103,0
DA:107,2
DA:109,2
DA:111,0
DA:114,0
DA:118,2
DA:120,2
DA:122,0
DA:125,0
LF:45
LH:16
BRDA:52,0,0,0
BRDA:52,0,1,0
BRDA:55,1,0,0
BRDA:55,1,1,0
BRDA:58,2,0,0
BRDA:58,2,1,0
BRDA:61,3,0,0
BRDA:61,3,1,0
BRDA:64,4,0,0
BRDA:64,4,1,0
BRDA:67,5,0,0
BRDA:67,5,1,0
BRDA:70,6,0,0
BRDA:70,6,1,0
BRDA:73,7,0,0
BRDA:73,7,1,0
BRDA:76,8,0,0
BRDA:76,8,1,0
BRF:18
BRH:0
end_of_record
